#
# There is insufficient memory for the Java Runtime Environment to continue.
# Native memory allocation (malloc) failed to allocate 327056 bytes for Chunk::new
# Possible reasons:
#   The system is out of physical RAM or swap space
#   The process is running with CompressedOops enabled, and the Java Heap may be blocking the growth of the native heap
# Possible solutions:
#   Reduce memory load on the system
#   Increase physical memory or swap space
#   Check if swap backing store is full
#   Decrease Java heap size (-Xmx/-Xms)
#   Decrease number of Java threads
#   Decrease Java thread stack sizes (-Xss)
#   Set larger code cache with -XX:ReservedCodeCacheSize=
#   JVM is running with Unscaled Compressed Oops mode in which the Java heap is
#     placed in the first 4GB address space. The Java Heap base address is the
#     maximum limit for the native heap growth. Please use -XX:HeapBaseMinAddress
#     to set the Java Heap base and to place the Java Heap above 4GB virtual address.
# This output file may be truncated or incomplete.
#
#  Out of Memory Error (allocation.cpp:389), pid=32000, tid=0x00000000000077d8
#
# JRE version: OpenJDK Runtime Environment (8.0_212-b04) (build 1.8.0_212-release-1586-b04)
# Java VM: OpenJDK 64-Bit Server VM (25.212-b04 mixed mode windows-amd64 compressed oops)
# Failed to write core dump. Minidumps are not enabled by default on client versions of Windows
#

---------------  T H R E A D  ---------------

Current thread (0x00000000180a3000):  JavaThread "C2 CompilerThread0" daemon [_thread_in_native, id=30680, stack(0x0000000019a80000,0x0000000019b80000)]

Stack: [0x0000000019a80000,0x0000000019b80000]
[error occurred during error reporting (printing stack bounds), id 0xc0000005]

Native frames: (J=compiled Java code, j=interpreted, Vv=VM code, C=native code)


Current CompileTask:
C2:  17464 10389       4       org.jetbrains.kotlin.resolve.calls.callUtil.CallUtilKt::getCalleeExpressionIfAny (106 bytes)


---------------  P R O C E S S  ---------------

Java Threads: ( => current thread )
  0x00000000194e6800 JavaThread "Service Thread" daemon [_thread_blocked, id=28380, stack(0x0000000019d80000,0x0000000019e80000)]
  0x00000000194e0800 JavaThread "C1 CompilerThread2" daemon [_thread_blocked, id=26892, stack(0x0000000019c80000,0x0000000019d80000)]
  0x000000001948b000 JavaThread "C2 CompilerThread1" daemon [_thread_in_native, id=13428, stack(0x0000000019b80000,0x0000000019c80000)]
=>0x00000000180a3000 JavaThread "C2 CompilerThread0" daemon [_thread_in_native, id=30680, stack(0x0000000019a80000,0x0000000019b80000)]
  0x00000000180ee000 JavaThread "Attach Listener" daemon [_thread_blocked, id=5336, stack(0x0000000019980000,0x0000000019a80000)]
  0x0000000019488800 JavaThread "Signal Dispatcher" daemon [_thread_blocked, id=8408, stack(0x0000000019880000,0x0000000019980000)]
  0x000000000351a800 JavaThread "Finalizer" daemon [_thread_blocked, id=19272, stack(0x00000000192f0000,0x00000000193f0000)]
  0x0000000018079000 JavaThread "Reference Handler" daemon [_thread_blocked, id=16612, stack(0x00000000191f0000,0x00000000192f0000)]
  0x0000000003426000 JavaThread "main" [_thread_in_Java, id=17940, stack(0x0000000003260000,0x0000000003360000)]

Other Threads:
  0x0000000018056000 VMThread [stack: 0x00000000190f0000,0x00000000191f0000] [id=31504]
  0x00000000194e7800 WatcherThread [stack: 0x0000000019e80000,0x0000000019f80000] [id=11244]

VM state:not at safepoint (normal execution)

VM Mutex/Monitor currently owned by a thread:  ([mutex/lock_event])
[0x0000000003423b60] Compile_lock - owner thread: 0x0000000000000000

heap address: 0x0000000081400000, size: 2028 MB, Compressed Oops mode: 32-bit
Narrow klass base: 0x0000000000000000, Narrow klass shift: 3
Compressed class space size: 1073741824 Address: 0x0000000100000000

Heap:
 PSYoungGen      total 175616K, used 2926K [0x00000000d5c00000, 0x00000000e5800000, 0x0000000100000000)
  eden space 145920K, 2% used [0x00000000d5c00000,0x00000000d5edb958,0x00000000dea80000)
  from space 29696K, 0% used [0x00000000dea80000,0x00000000dea80000,0x00000000e0780000)
  to   space 35328K, 0% used [0x00000000e3580000,0x00000000e3580000,0x00000000e5800000)
 ParOldGen       total 110592K, used 48524K [0x0000000081400000, 0x0000000088000000, 0x00000000d5c00000)
  object space 110592K, 43% used [0x0000000081400000,0x0000000084363168,0x0000000088000000)
 Metaspace       used 58001K, capacity 59085K, committed 59160K, reserved 1101824K
  class space    used 6704K, capacity 6948K, committed 6960K, reserved 1048576K

Card table byte_map: [0x00000000128e0000,0x0000000012ce0000] byte_map_base: 0x00000000124d6000

Marking Bits: (ParMarkBitMap*) 0x000000006b589f30
 Begin Bits: [0x0000000013390000, 0x0000000015340000)
 End Bits:   [0x0000000015340000, 0x00000000172f0000)

Polling page: 0x0000000001250000

CodeCache: size=245760Kb used=31795Kb max_used=33098Kb free=213964Kb
 bounds [0x0000000003520000, 0x00000000055a0000, 0x0000000012520000]
 total_blobs=9480 nmethods=8961 adapters=430
 compilation: enabled

Compilation events (10 events):
Event: 17.455 Thread 0x00000000194e0800 nmethod 10404 0x0000000003cefb90 code [0x0000000003cefd00, 0x0000000003ceff48]
Event: 17.456 Thread 0x00000000194e0800 10403       3       org.jetbrains.kotlin.android.parcel.ParcelableCodegenExtension::applyProperty (29 bytes)
Event: 17.457 Thread 0x00000000194e0800 nmethod 10403 0x00000000039b9cd0 code [0x00000000039b9ec0, 0x00000000039ba578]
Event: 17.459 Thread 0x00000000194e0800 10409       1       org.jetbrains.kotlin.codegen.signature.JvmSignatureWriter::writeParameterType (6 bytes)
Event: 17.459 Thread 0x00000000194e0800 nmethod 10409 0x00000000037842d0 code [0x0000000003784420, 0x0000000003784550]
Event: 17.460 Thread 0x00000000194e0800 10408       3       java.lang.invoke.LambdaForm$MH/1444440224::linkToTargetMethod (11 bytes)
Event: 17.461 Thread 0x00000000194e0800 nmethod 10408 0x0000000003a35710 code [0x0000000003a35880, 0x0000000003a35bf8]
Event: 17.461 Thread 0x000000001948b000 10411       4       org.jetbrains.org.objectweb.asm.tree.analysis.Frame::execute (2435 bytes)
Event: 17.462 Thread 0x00000000194e0800 10405       3       org.jetbrains.org.objectweb.asm.tree.InsnList::iterator (10 bytes)
Event: 17.462 Thread 0x00000000194e0800 nmethod 10405 0x0000000003fa8650 code [0x0000000003fa87c0, 0x0000000003fa89a8]

GC Heap History (10 events):
Event: 5.318 GC heap before
{Heap before GC invocations=8 (full 2):
 PSYoungGen      total 71680K, used 66560K [0x00000000d5c00000, 0x00000000dde00000, 0x0000000100000000)
  eden space 66560K, 100% used [0x00000000d5c00000,0x00000000d9d00000,0x00000000d9d00000)
  from space 5120K, 0% used [0x00000000d9d00000,0x00000000d9d00000,0x00000000da200000)
  to   space 17408K, 0% used [0x00000000dcd00000,0x00000000dcd00000,0x00000000dde00000)
 ParOldGen       total 110592K, used 24246K [0x0000000081400000, 0x0000000088000000, 0x00000000d5c00000)
  object space 110592K, 21% used [0x0000000081400000,0x0000000082badae0,0x0000000088000000)
 Metaspace       used 39710K, capacity 40361K, committed 40496K, reserved 1085440K
  class space    used 5000K, capacity 5166K, committed 5168K, reserved 1048576K
Event: 5.347 GC heap after
Heap after GC invocations=8 (full 2):
 PSYoungGen      total 115200K, used 13378K [0x00000000d5c00000, 0x00000000de200000, 0x0000000100000000)
  eden space 97792K, 0% used [0x00000000d5c00000,0x00000000d5c00000,0x00000000dbb80000)
  from space 17408K, 76% used [0x00000000dcd00000,0x00000000dda10a90,0x00000000dde00000)
  to   space 17920K, 0% used [0x00000000dbb80000,0x00000000dbb80000,0x00000000dcd00000)
 ParOldGen       total 110592K, used 24254K [0x0000000081400000, 0x0000000088000000, 0x00000000d5c00000)
  object space 110592K, 21% used [0x0000000081400000,0x0000000082bafae0,0x0000000088000000)
 Metaspace       used 39710K, capacity 40361K, committed 40496K, reserved 1085440K
  class space    used 5000K, capacity 5166K, committed 5168K, reserved 1048576K
}
Event: 7.983 GC heap before
{Heap before GC invocations=9 (full 2):
 PSYoungGen      total 115200K, used 111170K [0x00000000d5c00000, 0x00000000de200000, 0x0000000100000000)
  eden space 97792K, 100% used [0x00000000d5c00000,0x00000000dbb80000,0x00000000dbb80000)
  from space 17408K, 76% used [0x00000000dcd00000,0x00000000dda10a90,0x00000000dde00000)
  to   space 17920K, 0% used [0x00000000dbb80000,0x00000000dbb80000,0x00000000dcd00000)
 ParOldGen       total 110592K, used 24254K [0x0000000081400000, 0x0000000088000000, 0x00000000d5c00000)
  object space 110592K, 21% used [0x0000000081400000,0x0000000082bafae0,0x0000000088000000)
 Metaspace       used 47339K, capacity 48209K, committed 48432K, reserved 1091584K
  class space    used 5831K, capacity 6074K, committed 6192K, reserved 1048576K
Event: 8.105 GC heap after
Heap after GC invocations=9 (full 2):
 PSYoungGen      total 115712K, used 17892K [0x00000000d5c00000, 0x00000000e1f80000, 0x0000000100000000)
  eden space 97792K, 0% used [0x00000000d5c00000,0x00000000d5c00000,0x00000000dbb80000)
  from space 17920K, 99% used [0x00000000dbb80000,0x00000000dccf91f0,0x00000000dcd00000)
  to   space 24576K, 0% used [0x00000000e0780000,0x00000000e0780000,0x00000000e1f80000)
 ParOldGen       total 110592K, used 33284K [0x0000000081400000, 0x0000000088000000, 0x00000000d5c00000)
  object space 110592K, 30% used [0x0000000081400000,0x0000000083481320,0x0000000088000000)
 Metaspace       used 47339K, capacity 48209K, committed 48432K, reserved 1091584K
  class space    used 5831K, capacity 6074K, committed 6192K, reserved 1048576K
}
Event: 11.993 GC heap before
{Heap before GC invocations=10 (full 2):
 PSYoungGen      total 115712K, used 115684K [0x00000000d5c00000, 0x00000000e1f80000, 0x0000000100000000)
  eden space 97792K, 100% used [0x00000000d5c00000,0x00000000dbb80000,0x00000000dbb80000)
  from space 17920K, 99% used [0x00000000dbb80000,0x00000000dccf91f0,0x00000000dcd00000)
  to   space 24576K, 0% used [0x00000000e0780000,0x00000000e0780000,0x00000000e1f80000)
 ParOldGen       total 110592K, used 33284K [0x0000000081400000, 0x0000000088000000, 0x00000000d5c00000)
  object space 110592K, 30% used [0x0000000081400000,0x0000000083481320,0x0000000088000000)
 Metaspace       used 51059K, capacity 52067K, committed 52272K, reserved 1095680K
  class space    used 6072K, capacity 6331K, committed 6448K, reserved 1048576K
Event: 12.033 GC heap after
Heap after GC invocations=10 (full 2):
 PSYoungGen      total 170496K, used 24547K [0x00000000d5c00000, 0x00000000e2480000, 0x0000000100000000)
  eden space 145920K, 0% used [0x00000000d5c00000,0x00000000d5c00000,0x00000000dea80000)
  from space 24576K, 99% used [0x00000000e0780000,0x00000000e1f78cc8,0x00000000e1f80000)
  to   space 29696K, 0% used [0x00000000dea80000,0x00000000dea80000,0x00000000e0780000)
 ParOldGen       total 110592K, used 36805K [0x0000000081400000, 0x0000000088000000, 0x00000000d5c00000)
  object space 110592K, 33% used [0x0000000081400000,0x00000000837f1710,0x0000000088000000)
 Metaspace       used 51059K, capacity 52067K, committed 52272K, reserved 1095680K
  class space    used 6072K, capacity 6331K, committed 6448K, reserved 1048576K
}
Event: 16.605 GC heap before
{Heap before GC invocations=11 (full 2):
 PSYoungGen      total 170496K, used 88646K [0x00000000d5c00000, 0x00000000e2480000, 0x0000000100000000)
  eden space 145920K, 43% used [0x00000000d5c00000,0x00000000d9a98eb8,0x00000000dea80000)
  from space 24576K, 99% used [0x00000000e0780000,0x00000000e1f78cc8,0x00000000e1f80000)
  to   space 29696K, 0% used [0x00000000dea80000,0x00000000dea80000,0x00000000e0780000)
 ParOldGen       total 110592K, used 36805K [0x0000000081400000, 0x0000000088000000, 0x00000000d5c00000)
  object space 110592K, 33% used [0x0000000081400000,0x00000000837f1710,0x0000000088000000)
 Metaspace       used 58000K, capacity 59085K, committed 59160K, reserved 1101824K
  class space    used 6704K, capacity 6948K, committed 6960K, reserved 1048576K
Event: 16.709 GC heap after
Heap after GC invocations=11 (full 2):
 PSYoungGen      total 175616K, used 29667K [0x00000000d5c00000, 0x00000000e5800000, 0x0000000100000000)
  eden space 145920K, 0% used [0x00000000d5c00000,0x00000000d5c00000,0x00000000dea80000)
  from space 29696K, 99% used [0x00000000dea80000,0x00000000e0778c98,0x00000000e0780000)
  to   space 35328K, 0% used [0x00000000e3580000,0x00000000e3580000,0x00000000e5800000)
 ParOldGen       total 110592K, used 39535K [0x0000000081400000, 0x0000000088000000, 0x00000000d5c00000)
  object space 110592K, 35% used [0x0000000081400000,0x0000000083a9bf60,0x0000000088000000)
 Metaspace       used 58000K, capacity 59085K, committed 59160K, reserved 1101824K
  class space    used 6704K, capacity 6948K, committed 6960K, reserved 1048576K
}
Event: 16.709 GC heap before
{Heap before GC invocations=12 (full 3):
 PSYoungGen      total 175616K, used 29667K [0x00000000d5c00000, 0x00000000e5800000, 0x0000000100000000)
  eden space 145920K, 0% used [0x00000000d5c00000,0x00000000d5c00000,0x00000000dea80000)
  from space 29696K, 99% used [0x00000000dea80000,0x00000000e0778c98,0x00000000e0780000)
  to   space 35328K, 0% used [0x00000000e3580000,0x00000000e3580000,0x00000000e5800000)
 ParOldGen       total 110592K, used 39535K [0x0000000081400000, 0x0000000088000000, 0x00000000d5c00000)
  object space 110592K, 35% used [0x0000000081400000,0x0000000083a9bf60,0x0000000088000000)
 Metaspace       used 58000K, capacity 59085K, committed 59160K, reserved 1101824K
  class space    used 6704K, capacity 6948K, committed 6960K, reserved 1048576K
Event: 17.429 GC heap after
Heap after GC invocations=12 (full 3):
 PSYoungGen      total 175616K, used 0K [0x00000000d5c00000, 0x00000000e5800000, 0x0000000100000000)
  eden space 145920K, 0% used [0x00000000d5c00000,0x00000000d5c00000,0x00000000dea80000)
  from space 29696K, 0% used [0x00000000dea80000,0x00000000dea80000,0x00000000e0780000)
  to   space 35328K, 0% used [0x00000000e3580000,0x00000000e3580000,0x00000000e5800000)
 ParOldGen       total 110592K, used 48524K [0x0000000081400000, 0x0000000088000000, 0x00000000d5c00000)
  object space 110592K, 43% used [0x0000000081400000,0x0000000084363168,0x0000000088000000)
 Metaspace       used 58000K, capacity 59085K, committed 59160K, reserved 1101824K
  class space    used 6704K, capacity 6948K, committed 6960K, reserved 1048576K
}

Deoptimization events (10 events):
Event: 15.439 Thread 0x0000000003426000 Uncommon trap: reason=bimorphic action=maybe_recompile pc=0x00000000052764f0 method=org.jetbrains.org.objectweb.asm.tree.analysis.Frame.execute(Lorg/jetbrains/org/objectweb/asm/tree/AbstractInsnNode;Lorg/jetbrains/org/objectweb/asm/tree/analysis/Interpret
Event: 15.763 Thread 0x0000000003426000 Uncommon trap: reason=unstable_if action=reinterpret pc=0x00000000054ce3c0 method=org.jetbrains.org.objectweb.asm.tree.analysis.Frame.execute(Lorg/jetbrains/org/objectweb/asm/tree/AbstractInsnNode;Lorg/jetbrains/org/objectweb/asm/tree/analysis/Interpreter
Event: 16.281 Thread 0x0000000003426000 Uncommon trap: reason=unstable_if action=reinterpret pc=0x00000000054c3ac0 method=org.jetbrains.org.objectweb.asm.tree.analysis.Analyzer.findSubroutine(ILorg/jetbrains/org/objectweb/asm/tree/analysis/Subroutine;Ljava/util/List;)V @ 179
Event: 16.281 Thread 0x0000000003426000 Uncommon trap: reason=unstable_if action=reinterpret pc=0x00000000053ee970 method=org.jetbrains.org.objectweb.asm.tree.analysis.Analyzer.analyze(Ljava/lang/String;Lorg/jetbrains/org/objectweb/asm/tree/MethodNode;)[Lorg/jetbrains/org/objectweb/asm/tree/ana
Event: 16.369 Thread 0x0000000003426000 Uncommon trap: reason=unstable_if action=reinterpret pc=0x00000000052eecfc method=org.jetbrains.kotlin.resolve.MemberComparator$NameAndTypeMemberComparator.getDeclarationPriority(Lorg/jetbrains/kotlin/descriptors/DeclarationDescriptor;)I @ 60
Event: 16.370 Thread 0x0000000003426000 Uncommon trap: reason=unstable_if action=reinterpret pc=0x00000000052c5270 method=org.jetbrains.kotlin.resolve.MemberComparator$NameAndTypeMemberComparator.getDeclarationPriority(Lorg/jetbrains/kotlin/descriptors/DeclarationDescriptor;)I @ 60
Event: 16.370 Thread 0x0000000003426000 Uncommon trap: reason=unstable_if action=reinterpret pc=0x00000000052b05d4 method=org.jetbrains.kotlin.resolve.MemberComparator$NameAndTypeMemberComparator.getDeclarationPriority(Lorg/jetbrains/kotlin/descriptors/DeclarationDescriptor;)I @ 60
Event: 16.475 Thread 0x0000000003426000 Uncommon trap: reason=bimorphic action=maybe_recompile pc=0x00000000051cb1ac method=java.util.regex.Pattern$Start.match(Ljava/util/regex/Matcher;ILjava/lang/CharSequence;)Z @ 44
Event: 16.510 Thread 0x0000000003426000 Uncommon trap: reason=predicate action=maybe_recompile pc=0x0000000005581034 method=org.jetbrains.kotlin.com.intellij.extapi.psi.StubBasedPsiElementBase.getStubOrPsiChildren(Lorg/jetbrains/kotlin/com/intellij/psi/stubs/IStubElementType;Lorg/jetbrains/kotl
Event: 17.437 Thread 0x0000000003426000 Uncommon trap: reason=unstable_if action=reinterpret pc=0x0000000004044fe0 method=org.jetbrains.org.objectweb.asm.tree.analysis.Analyzer.merge(ILorg/jetbrains/org/objectweb/asm/tree/analysis/Frame;Lorg/jetbrains/org/objectweb/asm/tree/analysis/Subroutine;

Classes redefined (0 events):
No events

Internal exceptions (10 events):
Event: 11.600 Thread 0x0000000003426000 Implicit null exception at 0x0000000003770215 to 0x0000000003770401
Event: 11.601 Thread 0x0000000003426000 Implicit null exception at 0x000000000380f3ef to 0x000000000380f459
Event: 11.615 Thread 0x0000000003426000 Implicit null exception at 0x0000000003a9facc to 0x0000000003a9fb26
Event: 11.824 Thread 0x0000000003426000 Implicit null exception at 0x00000000044930d4 to 0x0000000004493376
Event: 12.119 Thread 0x0000000003426000 Implicit null exception at 0x000000000478a4d4 to 0x000000000478a6ac
Event: 12.296 Thread 0x0000000003426000 Exception <a 'java/lang/NoSuchMethodError': java.lang.Object.lambda$static$0(Lorg/jetbrains/kotlin/descriptors/ValueParameterDescriptor;Lorg/jetbrains/kotlin/codegen/ExpressionCodegen;)Lorg/jetbrains/kotlin/codegen/StackValue;> (0x00000000d6a8f708) thrown
Event: 12.396 Thread 0x0000000003426000 Implicit null exception at 0x00000000041d6616 to 0x00000000041d6961
Event: 12.397 Thread 0x0000000003426000 Implicit null exception at 0x00000000040fa015 to 0x00000000040fa221
Event: 12.722 Thread 0x0000000003426000 Exception <a 'java/lang/NoSuchMethodError': java.lang.Object.lambda$static$0(Ljava/lang/String;)Z> (0x00000000d7a2ea70) thrown at [D:\src\AOSP-openjdk-cygwin\jdk8u\hotspot\src\share\vm\interpreter\linkResolver.cpp, line 620]
Event: 12.723 Thread 0x0000000003426000 Exception <a 'java/lang/NoSuchMethodError': java.lang.Object.lambda$static$1(Ljava/lang/String;)Z> (0x00000000d7a31508) thrown at [D:\src\AOSP-openjdk-cygwin\jdk8u\hotspot\src\share\vm\interpreter\linkResolver.cpp, line 620]

Events (10 events):
Event: 17.460 Thread 0x00000000194e0800 flushing nmethod 0x0000000004ea9110
Event: 17.460 Thread 0x00000000194e0800 flushing nmethod 0x0000000004ee40d0
Event: 17.460 Thread 0x00000000194e0800 flushing nmethod 0x0000000004ef1f10
Event: 17.460 Thread 0x00000000194e0800 flushing nmethod 0x0000000004f0fb10
Event: 17.460 Thread 0x00000000194e0800 flushing nmethod 0x0000000004f1a150
Event: 17.460 Thread 0x00000000194e0800 flushing nmethod 0x0000000004f362d0
Event: 17.460 Thread 0x00000000194e0800 flushing nmethod 0x0000000004f39590
Event: 17.460 Thread 0x00000000194e0800 flushing nmethod 0x0000000004f3c810
Event: 17.460 Thread 0x00000000194e0800 flushing nmethod 0x0000000004f3cfd0
Event: 17.461 Thread 0x00000000194e0800 flushing nmethod 0x0000000004fd9750


Dynamic libraries:
0x00007ff640dd0000 - 0x00007ff640e01000 	C:\Program Files\Android\Android Studio\jre\jre\bin\java.exe
0x00007ff86b400000 - 0x00007ff86b5f0000 	C:\WINDOWS\SYSTEM32\ntdll.dll
0x00007ff86a490000 - 0x00007ff86a542000 	C:\WINDOWS\System32\KERNEL32.DLL
0x00007ff868b10000 - 0x00007ff868db4000 	C:\WINDOWS\System32\KERNELBASE.dll
0x00007ff86b260000 - 0x00007ff86b303000 	C:\WINDOWS\System32\ADVAPI32.dll
0x00007ff86b320000 - 0x00007ff86b3be000 	C:\WINDOWS\System32\msvcrt.dll
0x00007ff86a390000 - 0x00007ff86a427000 	C:\WINDOWS\System32\sechost.dll
0x00007ff869560000 - 0x00007ff869680000 	C:\WINDOWS\System32\RPCRT4.dll
0x00007ff86a630000 - 0x00007ff86a7c4000 	C:\WINDOWS\System32\USER32.dll
0x00007ff869320000 - 0x00007ff869341000 	C:\WINDOWS\System32\win32u.dll
0x00007ff86aef0000 - 0x00007ff86af16000 	C:\WINDOWS\System32\GDI32.dll
0x00007ff8690b0000 - 0x00007ff869244000 	C:\WINDOWS\System32\gdi32full.dll
0x00007ff868fc0000 - 0x00007ff86905e000 	C:\WINDOWS\System32\msvcp_win.dll
0x00007ff869350000 - 0x00007ff86944a000 	C:\WINDOWS\System32\ucrtbase.dll
0x00007ff851530000 - 0x00007ff8517b4000 	C:\WINDOWS\WinSxS\amd64_microsoft.windows.common-controls_6595b64144ccf1df_6.0.18362.836_none_e6c4b943130f18ed\COMCTL32.dll
0x00007ff86af20000 - 0x00007ff86b256000 	C:\WINDOWS\System32\combase.dll
0x00007ff868dc0000 - 0x00007ff868e40000 	C:\WINDOWS\System32\bcryptPrimitives.dll
0x00007ff86ae30000 - 0x00007ff86ae5e000 	C:\WINDOWS\System32\IMM32.DLL
0x000000006ac00000 - 0x000000006acd2000 	C:\Program Files\Android\Android Studio\jre\jre\bin\msvcr100.dll
0x000000006adc0000 - 0x000000006b606000 	C:\Program Files\Android\Android Studio\jre\jre\bin\server\jvm.dll
0x00007ff86b310000 - 0x00007ff86b318000 	C:\WINDOWS\System32\PSAPI.DLL
0x00007ff84ecf0000 - 0x00007ff84ecf9000 	C:\WINDOWS\SYSTEM32\WSOCK32.dll
0x00007ff86adc0000 - 0x00007ff86ae2f000 	C:\WINDOWS\System32\WS2_32.dll
0x00007ff8633d0000 - 0x00007ff8633f4000 	C:\WINDOWS\SYSTEM32\WINMM.dll
0x00007ff85f780000 - 0x00007ff85f78a000 	C:\WINDOWS\SYSTEM32\VERSION.dll
0x00007ff8633a0000 - 0x00007ff8633cd000 	C:\WINDOWS\SYSTEM32\WINMMBASE.dll
0x00007ff869060000 - 0x00007ff8690aa000 	C:\WINDOWS\System32\cfgmgr32.dll
0x00007ff863470000 - 0x00007ff86347f000 	C:\Program Files\Android\Android Studio\jre\jre\bin\verify.dll
0x00007ff861440000 - 0x00007ff861469000 	C:\Program Files\Android\Android Studio\jre\jre\bin\java.dll
0x00007ff862c10000 - 0x00007ff862c26000 	C:\Program Files\Android\Android Studio\jre\jre\bin\zip.dll
0x00007ff869680000 - 0x00007ff869d64000 	C:\WINDOWS\System32\SHELL32.dll
0x00007ff86a7d0000 - 0x00007ff86a879000 	C:\WINDOWS\System32\shcore.dll
0x00007ff868390000 - 0x00007ff868b0e000 	C:\WINDOWS\System32\windows.storage.dll
0x00007ff868340000 - 0x00007ff868363000 	C:\WINDOWS\System32\profapi.dll
0x00007ff8682d0000 - 0x00007ff86831a000 	C:\WINDOWS\System32\powrprof.dll
0x00007ff8682c0000 - 0x00007ff8682d0000 	C:\WINDOWS\System32\UMPDC.dll
0x00007ff869e80000 - 0x00007ff869ed2000 	C:\WINDOWS\System32\shlwapi.dll
0x00007ff868320000 - 0x00007ff868331000 	C:\WINDOWS\System32\kernel.appcore.dll
0x00007ff869300000 - 0x00007ff869317000 	C:\WINDOWS\System32\cryptsp.dll
0x00007ff8627d0000 - 0x00007ff8627ea000 	C:\Program Files\Android\Android Studio\jre\jre\bin\net.dll
0x00007ff85ad30000 - 0x00007ff85af06000 	C:\WINDOWS\SYSTEM32\urlmon.dll
0x00007ff85a990000 - 0x00007ff85ac36000 	C:\WINDOWS\SYSTEM32\iertutil.dll
0x00007ff867d00000 - 0x00007ff867d0c000 	C:\WINDOWS\SYSTEM32\CRYPTBASE.DLL
0x00007ff867b30000 - 0x00007ff867b97000 	C:\WINDOWS\system32\mswsock.dll
0x00007ff862790000 - 0x00007ff8627a3000 	C:\Program Files\Android\Android Studio\jre\jre\bin\nio.dll

VM Arguments:
java_command: org.jetbrains.kotlin.cli.jvm.K2JVMCompiler -Xallow-no-source-files -classpath C:\Users\mjy\Desktop\GaPiS\app\build\intermediates\compile_and_runtime_not_namespaced_r_class_jar\debug\R.jar;C:\Users\mjy\.gradle\caches\transforms-2\files-2.1\845a7a889789b347a8791fe566ee189b\jetified-kotlin-android-extensions-runtime-1.3.72.jar;C:\Users\mjy\.gradle\caches\transforms-2\files-2.1\b61dd76ea6b1aa850a3562e7e54a34bc\jetified-kotlin-stdlib-jdk7-1.3.72.jar;C:\Users\mjy\.gradle\caches\transforms-2\files-2.1\95dcfce2323026b15e7a534e75f7861b\jetified-core-ktx-1.2.0-api.jar;C:\Users\mjy\.gradle\caches\transforms-2\files-2.1\96876b150e5bc731d8e9ebdf0e35345a\jetified-kotlin-stdlib-1.3.72.jar;C:\Users\mjy\.gradle\caches\transforms-2\files-2.1\e968c3f24cf681e7e51b8a8d72aec9db\jetified-kotlin-stdlib-common-1.3.72.jar;C:\Users\mjy\.gradle\caches\transforms-2\files-2.1\953c5aab76153e06fde6a572e88fadf5\jetified-annotations-13.0.jar;C:\Users\mjy\.gradle\caches\transforms-2\files-2.1\852b1205cb16a0a28c8d2a1008355500\appcompat-1.1.0-api.jar;C:\Users\mjy\.gradle\caches\transforms-2\files-2.1\f85171504abbf244ca5196ac768aeed6\jetified-firebase-database-19.3.0-api.jar;C:\Users\mjy\.gradle\caches\transforms-2\files-2.1\bf138d58a005a1aadea36d50c43c6bb8\recyclerview-1.1.0-api.jar;C:\Users\mjy\.gradle\caches\transforms-2\files-2.1\2be77d6201dc7efa1d3b2fb3ccd2510c\jetified-play-services-maps-17.0.0-api.jar;C:\Users\mjy\.gradle\caches\transforms-2\files-2.1\a89c4f31a8961b053a12669abe5fea43\jetified-play-services-location-17.0.0-api.jar;C:\Users\mjy\.gradle\caches\transforms-2\files-2.1\e8dc3d556ff30813d822ba4247749fbb\jetified-firebase-auth-interop-18.0.0-api.jar;C:\Users\mjy\.gradle\caches\transforms-2\files-2.1\a69720e405642df1eb11de3d2f31acfe\jetified-firebase-database-collection-17.0.1-api.jar;C:\Users\mjy\.gradle\caches\transforms-2\files-2.1\6214babd25949d8e3babc2cf54f35da2\jetified-play-services-base-17.0.0-api.jar;C:\Users\mjy\.gradle\caches\transforms-2\files-2.1\bb0aa9b1265282
java_class_path (initial): C:\Users\mjy\.gradle\caches\modules-2\files-2.1\org.jetbrains.kotlin\kotlin-compiler-embeddable\1.3.72\fb72232c8fa977d5e07d33c43381ddbdc5edab6\kotlin-compiler-embeddable-1.3.72.jar;C:\Users\mjy\.gradle\caches\modules-2\files-2.1\org.jetbrains.kotlin\kotlin-reflect\1.3.72\86613e1a669a701b0c660bfd2af4f82a7ae11fca\kotlin-reflect-1.3.72.jar;C:\Users\mjy\.gradle\caches\modules-2\files-2.1\org.jetbrains.kotlin\kotlin-stdlib\1.3.72\8032138f12c0180bc4e51fe139d4c52b46db6109\kotlin-stdlib-1.3.72.jar;C:\Users\mjy\.gradle\caches\modules-2\files-2.1\org.jetbrains.kotlin\kotlin-script-runtime\1.3.72\657d8d34d91e1964b4439378c09933e840bfe8d5\kotlin-script-runtime-1.3.72.jar;C:\Users\mjy\.gradle\caches\modules-2\files-2.1\org.jetbrains.kotlin\kotlin-daemon-embeddable\1.3.72\53bbaa2816dbf6bdb85f629451b1fcc88f2164d2\kotlin-daemon-embeddable-1.3.72.jar;C:\Users\mjy\.gradle\caches\modules-2\files-2.1\org.jetbrains.intellij.deps\trove4j\1.0.20181211\216c2e14b070f334479d800987affe4054cd563f\trove4j-1.0.20181211.jar;C:\Users\mjy\.gradle\caches\modules-2\files-2.1\org.jetbrains.kotlin\kotlin-stdlib-common\1.3.72\6ca8bee3d88957eaaaef077c41c908c9940492d8\kotlin-stdlib-common-1.3.72.jar;C:\Users\mjy\.gradle\caches\modules-2\files-2.1\org.jetbrains\annotations\13.0\919f0dfe192fb4e063e7dacadee7f8bb9a2672a9\annotations-13.0.jar;C:\Program Files\Android\Android Studio\jre\lib\tools.jar
Launcher Type: SUN_STANDARD

Environment Variables:
PATH=C:\Program Files (x86)\Intel\iCLS Client\;C:\Program Files\Intel\iCLS Client\;C:\WINDOWS\system32;C:\WINDOWS;C:\WINDOWS\System32\Wbem;C:\WINDOWS\System32\WindowsPowerShell\v1.0\;C:\Program Files (x86)\Intel\Intel(R) Management Engine Components\DAL;C:\Program Files\Intel\Intel(R) Management Engine Components\DAL;C:\Program Files (x86)\Intel\Intel(R) Management Engine Components\IPT;C:\Program Files\Intel\Intel(R) Management Engine Components\IPT;C:\Users\pc\AppData\Local\Programs\Python\Python37\Scripts;C:\WINDOWS\System32\OpenSSH\;C:\Program Files\Intel\WiFi\bin\;C:\Program Files\Common Files\Intel\WirelessCommon\;C:\Users\mjy\AppData\Local\Microsoft\WindowsApps;
USERNAME=mjy
OS=Windows_NT
PROCESSOR_IDENTIFIER=Intel64 Family 6 Model 142 Stepping 9, GenuineIntel



---------------  S Y S T E M  ---------------

OS: Windows 10.0 , 64 bit Build 18362 (10.0.18362.778)

CPU:total 4 (initial active 4) (2 cores per cpu, 2 threads per core) family 6 model 142 stepping 9, cmov, cx8, fxsr, mmx, sse, sse2, sse3, ssse3, sse4.1, sse4.2, popcnt, avx, avx2, aes, clmul, erms, 3dnowpref, lzcnt, ht, tsc, tscinvbit, bmi1, bmi2, adx

Memory: 4k page, physical 8301388k(1040988k free), swap 10256204k(488k free)

vm_info: OpenJDK 64-Bit Server VM (25.212-b04) for windows-amd64 JRE (1.8.0_212-release-1586-b04), built by "builder" with MS VC++ 10.0 (VS2010)

time: Fri Jun 12 15:15:24 2020
timezone: 대한민국 표준시
elapsed time: 17 seconds (0d 0h 0m 17s)

